android-studio/app/build/outputs/logs/manifest-merger-debug-report.txt
-- Merging decision tree log ---
manifest
ADDED from src/main/AndroidManifest.xml:18:1-124:12
	xmlns:android
		ADDED from src/main/AndroidManifest.xml:19:5-63
	package
		ADDED from src/main/AndroidManifest.xml:20:5-37
		INJECTED from src/main/AndroidManifest.xml
		INJECTED from src/main/AndroidManifest.xml
	android:versionName
		ADDED from src/main/AndroidManifest.xml:22:5-33
		INJECTED from src/main/AndroidManifest.xml
		INJECTED from src/main/AndroidManifest.xml
	android:versionCode
		ADDED from src/main/AndroidManifest.xml:21:5-29
		INJECTED from src/main/AndroidManifest.xml
		INJECTED from src/main/AndroidManifest.xml
	android:installLocation
		ADDED from src/main/AndroidManifest.xml:23:5-35
uses-sdk
ADDED from src/main/AndroidManifest.xml:25:5-27:41
MERGED from [com.android.support:support-v4:23.3.0] AndroidManifest.xml:20:5-43
MERGED from [com.mattprecious.telescope:telescope:2.0.0] AndroidManifest.xml:7:5-44
	android:targetSdkVersion
		ADDED from src/main/AndroidManifest.xml:27:9-38
		INJECTED from src/main/AndroidManifest.xml
		INJECTED from src/main/AndroidManifest.xml
	android:minSdkVersion
		ADDED from src/main/AndroidManifest.xml:26:9-34
		INJECTED from src/main/AndroidManifest.xml
		INJECTED from src/main/AndroidManifest.xml
permission#org.dalmasso.ietfsched.permission.WRITE_SCHEDULE
ADDED from src/main/AndroidManifest.xml:29:5-33:58
	android:label
		ADDED from src/main/AndroidManifest.xml:32:9-49
	android:protectionLevel
		ADDED from src/main/AndroidManifest.xml:31:9-41
	android:description
		ADDED from src/main/AndroidManifest.xml:33:9-55
	android:name
		ADDED from src/main/AndroidManifest.xml:30:9-72
uses-permission#android.permission.USE_CREDENTIALS
ADDED from src/main/AndroidManifest.xml:35:5-74
	android:name
		ADDED from src/main/AndroidManifest.xml:35:22-71
uses-permission#android.permission.WRITE_EXTERNAL_STORAGE
ADDED from src/main/AndroidManifest.xml:36:5-81
	android:name
		ADDED from src/main/AndroidManifest.xml:36:22-78
uses-permission#android.permission.INTERNET
ADDED from src/main/AndroidManifest.xml:37:2-64
	android:name
		ADDED from src/main/AndroidManifest.xml:37:19-61
application
ADDED from src/main/AndroidManifest.xml:39:5-123:19
MERGED from [com.android.support:support-v4:23.3.0] AndroidManifest.xml:22:5-20
MERGED from [com.mattprecious.telescope:telescope:2.0.0] AndroidManifest.xml:9:5-15:19
	android:label
		ADDED from src/main/AndroidManifest.xml:40:9-41
	android:icon
		ADDED from src/main/AndroidManifest.xml:41:9-45
	android:theme
		ADDED from src/main/AndroidManifest.xml:42:9-45
	android:hardwareAccelerated
		ADDED from src/main/AndroidManifest.xml:43:9-44
activity#org.dalmasso.ietfsched.ui.HomeActivity
ADDED from src/main/AndroidManifest.xml:47:9-55:20
	android:label
		ADDED from src/main/AndroidManifest.xml:50:13-45
	android:theme
		ADDED from src/main/AndroidManifest.xml:49:13-54
	android:name
		ADDED from src/main/AndroidManifest.xml:48:13-44
intent-filter#android.intent.action.MAIN+android.intent.category.LAUNCHER
ADDED from src/main/AndroidManifest.xml:51:13-54:29
action#android.intent.action.MAIN
ADDED from src/main/AndroidManifest.xml:52:17-69
	android:name
		ADDED from src/main/AndroidManifest.xml:52:25-66
category#android.intent.category.LAUNCHER
ADDED from src/main/AndroidManifest.xml:53:17-77
	android:name
		ADDED from src/main/AndroidManifest.xml:53:27-74
activity#org.dalmasso.ietfsched.ui.StarredActivity
ADDED from src/main/AndroidManifest.xml:57:9-59:53
	android:label
		ADDED from src/main/AndroidManifest.xml:59:13-50
	android:name
		ADDED from src/main/AndroidManifest.xml:58:13-47
activity#org.dalmasso.ietfsched.ui.WellNoteActivity
ADDED from src/main/AndroidManifest.xml:61:9-63:55
	android:label
		ADDED from src/main/AndroidManifest.xml:63:13-52
	android:name
		ADDED from src/main/AndroidManifest.xml:62:13-48
activity#org.dalmasso.ietfsched.ui.phone.ScheduleActivity
ADDED from src/main/AndroidManifest.xml:67:9-69:54
	android:label
		ADDED from src/main/AndroidManifest.xml:69:13-51
	android:name
		ADDED from src/main/AndroidManifest.xml:68:13-54
activity#org.dalmasso.ietfsched.ui.phone.TracksActivity
ADDED from src/main/AndroidManifest.xml:71:9-79:20
	android:label
		ADDED from src/main/AndroidManifest.xml:73:13-49
	android:name
		ADDED from src/main/AndroidManifest.xml:72:13-52
intent-filter#android.intent.action.VIEW+android.intent.category.DEFAULT
ADDED from src/main/AndroidManifest.xml:74:13-78:29
action#android.intent.action.VIEW
ADDED from src/main/AndroidManifest.xml:75:17-69
	android:name
		ADDED from src/main/AndroidManifest.xml:75:25-66
category#android.intent.category.DEFAULT
ADDED from src/main/AndroidManifest.xml:76:17-76
	android:name
		ADDED from src/main/AndroidManifest.xml:76:27-73
data
ADDED from src/main/AndroidManifest.xml:77:17-87
	android:mimeType
		ADDED from src/main/AndroidManifest.xml:77:23-84
activity#org.dalmasso.ietfsched.ui.phone.SessionsActivity
ADDED from src/main/AndroidManifest.xml:81:9-90:20
	android:label
		ADDED from src/main/AndroidManifest.xml:83:13-51
	android:name
		ADDED from src/main/AndroidManifest.xml:82:13-54
intent-filter#android.intent.action.VIEW+android.intent.category.DEFAULT+android.intent.category.TAB
ADDED from src/main/AndroidManifest.xml:84:13-89:29
category#android.intent.category.TAB
ADDED from src/main/AndroidManifest.xml:87:17-72
	android:name
		ADDED from src/main/AndroidManifest.xml:87:27-69
activity#org.dalmasso.ietfsched.ui.phone.SessionDetailActivity
ADDED from src/main/AndroidManifest.xml:92:9-98:20
	android:name
		ADDED from src/main/AndroidManifest.xml:92:19-65
activity#org.dalmasso.ietfsched.ui.tablet.SessionsMultiPaneActivity
ADDED from src/main/AndroidManifest.xml:102:9-104:54
	android:label
		ADDED from src/main/AndroidManifest.xml:104:13-51
	android:name
		ADDED from src/main/AndroidManifest.xml:103:13-64
activity#org.dalmasso.ietfsched.ui.tablet.ScheduleMultiPaneActivity
ADDED from src/main/AndroidManifest.xml:106:9-108:54
	android:label
		ADDED from src/main/AndroidManifest.xml:108:13-51
	android:name
		ADDED from src/main/AndroidManifest.xml:107:13-64
activity#org.dalmasso.ietfsched.ui.tablet.NowPlayingMultiPaneActivity
ADDED from src/main/AndroidManifest.xml:110:9-112:57
	android:label
		ADDED from src/main/AndroidManifest.xml:112:13-54
	android:name
		ADDED from src/main/AndroidManifest.xml:111:13-66
service#org.dalmasso.ietfsched.service.SyncService
ADDED from src/main/AndroidManifest.xml:116:9-56
	android:name
		ADDED from src/main/AndroidManifest.xml:116:18-53
provider#org.dalmasso.ietfsched.provider.ScheduleProvider
ADDED from src/main/AndroidManifest.xml:118:9-121:90
	android:authorities
		ADDED from src/main/AndroidManifest.xml:120:13-57
	android:name
		ADDED from src/main/AndroidManifest.xml:119:13-54
	android:writePermission
		ADDED from src/main/AndroidManifest.xml:121:13-87
activity#com.mattprecious.telescope.RequestCaptureActivity
ADDED from [com.mattprecious.telescope:telescope:2.0.0] AndroidManifest.xml:10:9-14:75
	android:theme
		ADDED from [com.mattprecious.telescope:telescope:2.0.0] AndroidManifest.xml:14:13-72
	android:exported
		ADDED from [com.mattprecious.telescope:telescope:2.0.0] AndroidManifest.xml:13:13-37
	android:excludeFromRecents
		ADDED from [com.mattprecious.telescope:telescope:2.0.0] AndroidManifest.xml:12:13-46
	android:name
		ADDED from [com.mattprecious.telescope:telescope:2.0.0] AndroidManifest.xml:11:13-77